<?xml version="1.0" encoding="UTF-8"?>
<coverage generated="1678210564457" clover="3.2.0">
  <project timestamp="1678210564457" name="All files">
    <metrics statements="7" coveredstatements="7" conditionals="4" coveredconditionals="4" methods="1" coveredmethods="1" elements="12" coveredelements="12" complexity="0" loc="7" ncloc="7" packages="1" files="1" classes="1"/>
    <file name="getHealth.js" path="D:\000 edu netoloby web dev 2022\ajs-homework\04 hw-4\02 hw-4-1\ajs_hw_4_1_1\src\getHealth.js">
      <metrics statements="7" coveredstatements="7" conditionals="4" coveredconditionals="4" methods="1" coveredmethods="1"/>
      <line num="8" count="3" type="stmt"/>
      <line num="10" count="3" type="cond" truecount="2" falsecount="0"/>
      <line num="11" count="1" type="stmt"/>
      <line num="12" count="2" type="cond" truecount="2" falsecount="0"/>
      <line num="13" count="1" type="stmt"/>
      <line num="15" count="1" type="stmt"/>
      <line num="17" count="3" type="stmt"/>
    </file>
  </project>
</coverage>
