{"D:\\000 edu netoloby web dev 2022\\ajs-homework\\04 hw-4\\02 hw-4-1\\ajs_hw_4_1_1\\src\\getHealth.js": {"path":"D:\\000 edu netoloby web dev 2022\\ajs-homework\\04 hw-4\\02 hw-4-1\\ajs_hw_4_1_1\\src\\getHealth.js","statementMap":{"0":{"start":{"line":8,"column":17},"end":{"line":8,"column":26}},"1":{"start":{"line":10,"column":4},"end":{"line":16,"column":5}},"2":{"start":{"line":11,"column":8},"end":{"line":11,"column":27}},"3":{"start":{"line":12,"column":11},"end":{"line":16,"column":5}},"4":{"start":{"line":13,"column":8},"end":{"line":13,"column":27}},"5":{"start":{"line":15,"column":8},"end":{"line":15,"column":28}},"6":{"start":{"line":17,"column":4},"end":{"line":17,"column":18}}},"fnMap":{"0":{"name":"getHealth","decl":{"start":{"line":7,"column":16},"end":{"line":7,"column":25}},"loc":{"start":{"line":7,"column":32},"end":{"line":18,"column":1}},"line":7}},"branchMap":{"0":{"loc":{"start":{"line":10,"column":4},"end":{"line":16,"column":5}},"type":"if","locations":[{"start":{"line":10,"column":4},"end":{"line":16,"column":5}},{"start":{"line":12,"column":11},"end":{"line":16,"column":5}}],"line":10},"1":{"loc":{"start":{"line":12,"column":11},"end":{"line":16,"column":5}},"type":"if","locations":[{"start":{"line":12,"column":11},"end":{"line":16,"column":5}},{"start":{"line":14,"column":11},"end":{"line":16,"column":5}}],"line":12}},"s":{"0":3,"1":3,"2":1,"3":2,"4":1,"5":1,"6":3},"f":{"0":3},"b":{"0":[1,2],"1":[1,1]},"_coverageSchema":"1a1c01bbd47fc00a2c39e90264f33305004495a9","hash":"cecab50d264ad5c3859846fecec8e92a399de66e"}
}
